<?xml version="1.0" encoding="UTF-8"?>
<!-- Generated by org.testng.reporters.JUnitReportReporter -->
<testsuite hostname="DESKTOP-64K5226" failures="0" tests="3" name="com.freecrm.testcases.ContactPageTest" time="77.386" errors="0" timestamp="2021-08-07T23:59:57 EET" skipped="0">
  <testcase classname="com.freecrm.testcases.ContactPageTest" name="addContact" time="24.627"/>
  <system-out/>
  <testcase classname="com.freecrm.testcases.ContactPageTest" name="addContact" time="29.486"/>
  <system-out/>
  <testcase classname="com.freecrm.testcases.ContactPageTest" name="addContact" time="23.273"/>
  <system-out/>
</testsuite> <!-- com.freecrm.testcases.ContactPageTest -->
