<?xml version="1.0" encoding="UTF-8"?>
<!-- Generated by org.testng.reporters.JUnitReportReporter -->
<testsuite hostname="DESKTOP-64K5226" failures="0" tests="3" name="com.freecrm.testcases.HomePageTest" time="57.941" errors="0" timestamp="2021-08-07T23:59:57 EET" skipped="0">
  <testcase classname="com.freecrm.testcases.HomePageTest" name="ClickOnContactsTest" time="19.653"/>
  <system-out/>
  <testcase classname="com.freecrm.testcases.HomePageTest" name="ClickOnDealsTest" time="19.332"/>
  <system-out/>
  <testcase classname="com.freecrm.testcases.HomePageTest" name="ClickOnTasksTest" time="18.956"/>
  <system-out/>
</testsuite> <!-- com.freecrm.testcases.HomePageTest -->
