<?xml version="1.0" encoding="UTF-8"?>
<!-- Generated by org.testng.reporters.JUnitReportReporter -->
<testsuite hostname="DESKTOP-64K5226" failures="0" tests="4" name="com.freecrm.testcases.LoginPageTest" time="67.648" errors="0" timestamp="2021-08-07T23:59:57 EET" skipped="0">
  <testcase classname="com.freecrm.testcases.LoginPageTest" name="titleTest" time="17.725"/>
  <system-out/>
  <testcase classname="com.freecrm.testcases.LoginPageTest" name="urlCheck" time="10.826"/>
  <system-out/>
  <testcase classname="com.freecrm.testcases.LoginPageTest" name="logoTest" time="12.708"/>
  <system-out/>
  <testcase classname="com.freecrm.testcases.LoginPageTest" name="loginTest" time="26.389"/>
  <system-out/>
</testsuite> <!-- com.freecrm.testcases.LoginPageTest -->
